[2023-02-05T05:37:48.311816+00:00] info.INFO: My first log. [] []
[2023-02-05T05:39:41.006660+00:00] info.INFO: My first log. [] []
[2023-02-05T05:39:41.007793+00:00] info.ERROR: This is an error [] []
[2023-02-05T05:42:46.268780+00:00] info.INFO: My first log. [] []
[2023-02-05T05:42:46.270282+00:00] info.ERROR: This is an error {"username":"Mark"} []
[2023-02-05T05:45:28.044836+00:00] info.INFO: My first log. [] []
[2023-02-05T05:45:28.046221+00:00] info.ERROR: This is an error {"username":"Mark"} []
[2023-02-05T05:45:28.046292+00:00] orders.WARNING: Order has no address [] []
[2023-02-08T19:53:25.236773+00:00] info.ERROR: Test [] []
[2023-02-08T19:53:25.238165+00:00] info.WARNING: This is a warning. [] []
[2023-02-08T19:55:22.229576+00:00] info.ERROR: Test [] []
[2023-02-08T19:55:22.233831+00:00] info.WARNING: This is a warning. [] []
[2023-02-08T19:55:22.233878+00:00] info.INFO: test Test [] []
[2023-02-08T21:36:01.830207+00:00] info.ERROR: Test [] []
[2023-02-08T21:36:01.831360+00:00] info.WARNING: This is a warning. [] []
[2023-02-08T21:36:01.831401+00:00] info.INFO: test Test [] []
[2023-02-08T21:37:01.498092+00:00] info.ERROR: Test [] []
[2023-02-08T21:37:01.498385+00:00] info.WARNING: This is a warning. [] []
[2023-02-08T21:37:01.498427+00:00] info.INFO: test Test [] []
[2023-02-08T21:37:10.141754+00:00] info.ERROR: Test [] []
[2023-02-08T21:37:10.142039+00:00] info.WARNING: This is a warning. [] []
[2023-02-08T21:37:10.142087+00:00] info.INFO: test Test [] []
[2023-02-08T21:38:50.898628+00:00] info.ERROR: Test [] []
[2023-02-08T21:38:50.898932+00:00] info.WARNING: This is a warning. [] []
[2023-02-08T21:38:50.898974+00:00] info.INFO: test Test [] []
[2023-02-08T21:38:57.217814+00:00] info.ERROR: Test [] []
[2023-02-08T21:38:57.218056+00:00] info.WARNING: This is a warning. [] []
[2023-02-08T21:38:57.218096+00:00] info.INFO: test Test [] []
[2023-02-08T21:39:35.822630+00:00] info.ERROR: Test [] []
[2023-02-08T21:39:35.822891+00:00] info.WARNING: This is a warning. [] []
[2023-02-08T21:39:35.822931+00:00] info.INFO: test Test [] []
[2023-02-08T21:39:49.525979+00:00] info.ERROR: Test [] []
[2023-02-08T21:39:49.526234+00:00] info.WARNING: This is a warning. [] []
[2023-02-08T21:39:49.526274+00:00] info.INFO: test Test [] []
[2023-02-08T21:39:58.970719+00:00] info.ERROR: Test [] []
[2023-02-08T21:39:58.970978+00:00] info.WARNING: This is a warning. [] []
[2023-02-08T21:39:58.971021+00:00] info.INFO: test Test [] []
[2023-02-08T21:40:02.461836+00:00] info.ERROR: Test [] []
[2023-02-08T21:40:02.462067+00:00] info.WARNING: This is a warning. [] []
[2023-02-08T21:40:02.462106+00:00] info.INFO: test Test [] []
[2023-02-08T21:40:06.007464+00:00] info.ERROR: Test [] []
[2023-02-08T21:40:06.008536+00:00] info.WARNING: This is a warning. [] []
[2023-02-08T21:40:06.008577+00:00] info.INFO: test Test [] []
[2023-02-08T21:40:11.698948+00:00] info.ERROR: Test [] []
[2023-02-08T21:40:11.699185+00:00] info.WARNING: This is a warning. [] []
[2023-02-08T21:40:11.699225+00:00] info.INFO: test Test [] []
[2023-02-08T21:40:26.792946+00:00] info.ERROR: Test [] []
[2023-02-08T21:40:26.793210+00:00] info.WARNING: This is a warning. [] []
[2023-02-08T21:40:26.793251+00:00] info.INFO: test Test [] []
[2023-02-08T21:44:19.520297+00:00] info.ERROR: Test [] []
[2023-02-08T21:44:19.521408+00:00] info.WARNING: This is a warning. [] []
[2023-02-08T21:44:19.521449+00:00] info.INFO: test Test [] []
[2023-02-08T21:44:39.849077+00:00] info.ERROR: Test [] []
[2023-02-08T21:44:39.850125+00:00] info.WARNING: This is a warning. [] []
[2023-02-08T21:44:39.850165+00:00] info.INFO: test Test [] []
[2023-02-08T21:44:40.786466+00:00] info.ERROR: Test [] []
[2023-02-08T21:44:40.787504+00:00] info.WARNING: This is a warning. [] []
[2023-02-08T21:44:40.787544+00:00] info.INFO: test Test [] []
[2023-02-08T21:45:00.570402+00:00] info.ERROR: Test [] []
[2023-02-08T21:45:00.571481+00:00] info.WARNING: This is a warning. [] []
[2023-02-08T21:45:00.571520+00:00] info.INFO: test Test [] []
[2023-02-08T21:45:28.202917+00:00] info.ERROR: Test [] []
[2023-02-08T21:45:28.203251+00:00] info.WARNING: This is a warning. [] []
[2023-02-08T21:45:28.203339+00:00] info.INFO: test Test [] []
[2023-02-08T22:06:08.614713+00:00] info.ERROR: Test [] []
[2023-02-08T22:06:08.615030+00:00] info.WARNING: This is a warning. [] []
[2023-02-08T22:06:08.615070+00:00] info.INFO: test Test [] []
[2023-02-08T22:06:45.327125+00:00] info.ERROR: Test [] []
[2023-02-08T22:06:45.327425+00:00] info.WARNING: This is a warning. [] []
[2023-02-08T22:06:45.327490+00:00] info.INFO: test Test [] []
